# JRE version: Java(TM) SE Runtime Environment (10.0.2+13) (build 10.0.2+13)
# Java VM: Java HotSpot(TM) 64-Bit Server VM (10.0.2+13, mixed mode, tiered, compressed oops, g1 gc, windows-amd64)
Heap:
 garbage-first heap   total 131072K, used 17115K [0x0000000081c00000, 0x0000000100000000)
  region size 1024K, 15 young (15360K), 6 survivors (6144K)
 Metaspace       used 20904K, capacity 21203K, committed 21504K, reserved 1069056K
  class space    used 2140K, capacity 2278K, committed 2304K, reserved 1048576K
GC Heap History (6 events):
Event: 1.055 GC heap before
{Heap before GC invocations=0 (full 0):
 garbage-first heap   total 131072K, used 24576K [0x0000000081c00000, 0x0000000100000000)
  region size 1024K, 24 young (24576K), 0 survivors (0K)
 Metaspace       used 12693K, capacity 12886K, committed 13184K, reserved 1060864K
  class space    used 1253K, capacity 1343K, committed 1408K, reserved 1048576K
}
Event: 1.062 GC heap after
{Heap after GC invocations=1 (full 0):
 garbage-first heap   total 131072K, used 3721K [0x0000000081c00000, 0x0000000100000000)
  region size 1024K, 3 young (3072K), 3 survivors (3072K)
 Metaspace       used 12693K, capacity 12886K, committed 13184K, reserved 1060864K
  class space    used 1253K, capacity 1343K, committed 1408K, reserved 1048576K
}
Event: 3.210 GC heap before
{Heap before GC invocations=1 (full 0):
 garbage-first heap   total 131072K, used 78473K [0x0000000081c00000, 0x0000000100000000)
  region size 1024K, 76 young (77824K), 3 survivors (3072K)
 Metaspace       used 20586K, capacity 20947K, committed 21248K, reserved 1069056K
  class space    used 2116K, capacity 2241K, committed 2304K, reserved 1048576K
}
Event: 3.225 GC heap after
{Heap after GC invocations=2 (full 0):
 garbage-first heap   total 131072K, used 8253K [0x0000000081c00000, 0x0000000100000000)
  region size 1024K, 8 young (8192K), 8 survivors (8192K)
 Metaspace       used 20586K, capacity 20947K, committed 21248K, reserved 1069056K
  class space    used 2116K, capacity 2241K, committed 2304K, reserved 1048576K
}
Event: 3.307 GC heap before
{Heap before GC invocations=2 (full 0):
 garbage-first heap   total 131072K, used 14397K [0x0000000081c00000, 0x0000000100000000)
  region size 1024K, 15 young (15360K), 8 survivors (8192K)
 Metaspace       used 20644K, capacity 20959K, committed 21248K, reserved 1069056K
  class space    used 2118K, capacity 2243K, committed 2304K, reserved 1048576K
}
Event: 3.317 GC heap after
{Heap after GC invocations=3 (full 0):
 garbage-first heap   total 131072K, used 8923K [0x0000000081c00000, 0x0000000100000000)
  region size 1024K, 6 young (6144K), 6 survivors (6144K)
 Metaspace       used 20644K, capacity 20959K, committed 21248K, reserved 1069056K
  class space    used 2118K, capacity 2243K, committed 2304K, reserved 1048576K
}

